#! /usr/bin/vvp
:ivl_version "10.3 (stable)";
:ivl_delay_selection "TYPICAL";
:vpi_time_precision + 0;
:vpi_module "system";
:vpi_module "vhdl_sys";
:vpi_module "v2005_math";
:vpi_module "va_math";
S_0xaaab184270d0 .scope module, "top" "top" 2 1;
 .timescale 0 0;
v0xaaab1846de40_0 .var "clk", 0 0;
v0xaaab1846df00_0 .net "data_out", 31 0, L_0xaaab1846e1c0;  1 drivers
v0xaaab1846dff0_0 .var "input1", 31 0;
v0xaaab1846e0f0_0 .var "input2", 31 0;
S_0xaaab18427250 .scope module, "adder_inst" "adder" 2 8, 3 48 0, S_0xaaab184270d0;
 .timescale 0 0;
    .port_info 0 /INPUT 32 "input1"
    .port_info 1 /INPUT 32 "input2"
    .port_info 2 /OUTPUT 32 "out"
v0xaaab1845e710_0 .net "input1", 31 0, v0xaaab1846dff0_0;  1 drivers
v0xaaab1846dc20_0 .net "input2", 31 0, v0xaaab1846e0f0_0;  1 drivers
v0xaaab1846dd00_0 .net "out", 31 0, L_0xaaab1846e1c0;  alias, 1 drivers
L_0xaaab1846e1c0 .arith/sum 32, v0xaaab1846dff0_0, v0xaaab1846e0f0_0;
    .scope S_0xaaab184270d0;
T_0 ;
    %pushi/vec4 0, 0, 1;
    %store/vec4 v0xaaab1846de40_0, 0, 1;
    %end;
    .thread T_0;
    .scope S_0xaaab184270d0;
T_1 ;
    %delay 1, 0;
    %load/vec4 v0xaaab1846de40_0;
    %inv;
    %store/vec4 v0xaaab1846de40_0, 0, 1;
    %jmp T_1;
    .thread T_1;
    .scope S_0xaaab184270d0;
T_2 ;
    %vpi_call 2 19 "$dumpfile", "adder.vcd" {0 0 0};
    %vpi_call 2 20 "$dumpvars" {0 0 0};
    %pushi/vec4 0, 0, 32;
    %store/vec4 v0xaaab1846dff0_0, 0, 32;
    %pushi/vec4 0, 0, 32;
    %store/vec4 v0xaaab1846e0f0_0, 0, 32;
    %delay 5, 0;
    %pushi/vec4 0, 0, 32;
    %store/vec4 v0xaaab1846dff0_0, 0, 32;
    %pushi/vec4 10, 0, 32;
    %store/vec4 v0xaaab1846e0f0_0, 0, 32;
    %delay 5, 0;
    %pushi/vec4 1000, 0, 32;
    %store/vec4 v0xaaab1846dff0_0, 0, 32;
    %pushi/vec4 10, 0, 32;
    %store/vec4 v0xaaab1846e0f0_0, 0, 32;
    %delay 5, 0;
    %vpi_call 2 37 "$finish" {0 0 0};
    %end;
    .thread T_2;
# The file index is used to find the file name in the following table.
:file_names 4;
    "N/A";
    "<interactive>";
    "adder_sim.v";
    "../verilog/adder.v";
